09:52:33:632[INFO ] [||] HV000001: Hibernate Validator 8.0.0.Final 
09:52:33:674[INFO ] [||] Starting MtyBackendApplication using Java 17.0.6 with PID 13856 (D:\downloads\mty-backend\mty-backend\target\classes started by 10960 in D:\downloads\mty-backend\mty-backend) 
09:52:33:675[INFO ] [||] No active profile set, falling back to 1 default profile: "default" 
09:52:34:834[INFO ] [||] Tomcat initialized with port(s): 8099 (http) 
09:52:34:844[INFO ] [||] Initializing ProtocolHandler ["http-nio-8099"] 
09:52:34:844[INFO ] [||] Starting service [Tomcat] 
09:52:34:845[INFO ] [||] Starting Servlet engine: [Apache Tomcat/10.1.5] 
09:52:34:965[INFO ] [||] Initializing Spring embedded WebApplicationContext 
09:52:34:966[INFO ] [||] Root WebApplicationContext: initialization completed in 1244 ms 
09:52:35:365[WARN ] [||] Exception encountered during context initialization - cancelling refresh attempt: org.springframework.beans.factory.BeanCreationException: Error creating bean with name 'mobileFoodController': Injection of resource dependencies failed 
09:52:35:365[INFO ] [||] {dataSource-0} closing ... 
09:52:35:367[INFO ] [||] Stopping service [Tomcat] 
09:52:35:392[INFO ] [||] 

Error starting ApplicationContext. To display the condition evaluation report re-run your application with 'debug' enabled. 
09:52:35:411[ERROR] [||] 

***************************
APPLICATION FAILED TO START
***************************

Description:

A component required a bean of type 'com.mty.food.truck.converter.MobileFoodConverter' that could not be found.


Action:

Consider defining a bean of type 'com.mty.food.truck.converter.MobileFoodConverter' in your configuration.
 
09:54:10:943[INFO ] [||] Could not detect default configuration classes for test class [com.mty.food.truck.MtyBackendApplicationTests]: MtyBackendApplicationTests does not declare any static, non-private, non-final, nested classes annotated with @Configuration. 
09:54:11:134[INFO ] [||] Found @SpringBootConfiguration com.mty.food.truck.MtyBackendApplication for test class com.mty.food.truck.MtyBackendApplicationTests 
09:54:12:229[INFO ] [||] HV000001: Hibernate Validator 8.0.0.Final 
09:54:12:258[INFO ] [||] Starting MtyBackendApplicationTests using Java 17.0.6 with PID 36584 (started by 10960 in D:\downloads\mty-backend\mty-backend) 
09:54:12:261[INFO ] [||] No active profile set, falling back to 1 default profile: "default" 
09:54:12:974[INFO ] [||] HV000001: Hibernate Validator 8.0.0.Final 
09:54:13:037[INFO ] [||] Starting MtyBackendApplication using Java 17.0.6 with PID 34220 (D:\downloads\mty-backend\mty-backend\target\classes started by 10960 in D:\downloads\mty-backend\mty-backend) 
09:54:13:039[INFO ] [||] No active profile set, falling back to 1 default profile: "default" 
09:54:15:631[INFO ] [||] Tomcat initialized with port(s): 8099 (http) 
09:54:15:653[INFO ] [||] Initializing ProtocolHandler ["http-nio-8099"] 
09:54:15:656[INFO ] [||] Starting service [Tomcat] 
09:54:15:657[INFO ] [||] Starting Servlet engine: [Apache Tomcat/10.1.5] 
09:54:15:876[INFO ] [||] Initializing Spring embedded WebApplicationContext 
09:54:15:876[INFO ] [||] Root WebApplicationContext: initialization completed in 2761 ms 
09:54:18:310[INFO ] [||] Started MtyBackendApplicationTests in 6.657 seconds (process running for 8.812) 
09:54:19:944[INFO ] [||] {dataSource-0} closing ... 
09:54:20:898[INFO ] [||] Starting ProtocolHandler ["http-nio-8099"] 
09:54:20:940[INFO ] [||] Tomcat started on port(s): 8099 (http) with context path '' 
09:54:20:977[INFO ] [||] Started MtyBackendApplication in 8.716 seconds (process running for 10.795) 
09:54:24:782[INFO ] [||] Initializing Spring DispatcherServlet 'dispatcherServlet' 
09:54:24:782[INFO ] [||] Initializing Servlet 'dispatcherServlet' 
09:54:24:784[INFO ] [||] Completed initialization in 1 ms 
09:54:25:038[INFO ] [||] {dataSource-1} inited 
09:56:22:921[INFO ] [||] {dataSource-1} closing ... 
09:56:22:927[INFO ] [||] {dataSource-1} closed 
09:56:28:889[INFO ] [||] HV000001: Hibernate Validator 8.0.0.Final 
09:56:28:921[INFO ] [||] Starting MtyBackendApplication using Java 17.0.6 with PID 28668 (D:\downloads\mty-backend\mty-backend\target\classes started by 10960 in D:\downloads\mty-backend\mty-backend) 
09:56:28:921[INFO ] [||] No active profile set, falling back to 1 default profile: "default" 
09:56:29:910[INFO ] [||] Tomcat initialized with port(s): 8099 (http) 
09:56:29:918[INFO ] [||] Initializing ProtocolHandler ["http-nio-8099"] 
09:56:29:919[INFO ] [||] Starting service [Tomcat] 
09:56:29:919[INFO ] [||] Starting Servlet engine: [Apache Tomcat/10.1.5] 
09:56:30:014[INFO ] [||] Initializing Spring embedded WebApplicationContext 
09:56:30:014[INFO ] [||] Root WebApplicationContext: initialization completed in 1057 ms 
09:56:31:334[INFO ] [||] Starting ProtocolHandler ["http-nio-8099"] 
09:56:31:354[INFO ] [||] Tomcat started on port(s): 8099 (http) with context path '' 
09:56:31:367[INFO ] [||] Started MtyBackendApplication in 2.751 seconds (process running for 3.622) 
09:56:31:534[INFO ] [||] Initializing Spring DispatcherServlet 'dispatcherServlet' 
09:56:31:535[INFO ] [||] Initializing Servlet 'dispatcherServlet' 
09:56:31:536[INFO ] [||] Completed initialization in 1 ms 
09:56:43:295[INFO ] [||] Building query parameters: 
09:56:43:437[INFO ] [||] {dataSource-1} inited 
09:57:14:171[INFO ] [||] Building query parameters: 
09:57:48:021[INFO ] [||] {dataSource-1} closing ... 
09:57:48:027[INFO ] [||] {dataSource-1} closed 
09:57:53:264[INFO ] [||] HV000001: Hibernate Validator 8.0.0.Final 
09:57:53:300[INFO ] [||] Starting MtyBackendApplication using Java 17.0.6 with PID 38888 (D:\downloads\mty-backend\mty-backend\target\classes started by 10960 in D:\downloads\mty-backend\mty-backend) 
09:57:53:301[INFO ] [||] No active profile set, falling back to 1 default profile: "default" 
09:57:54:310[INFO ] [||] Tomcat initialized with port(s): 8099 (http) 
09:57:54:318[INFO ] [||] Initializing ProtocolHandler ["http-nio-8099"] 
09:57:54:319[INFO ] [||] Starting service [Tomcat] 
09:57:54:319[INFO ] [||] Starting Servlet engine: [Apache Tomcat/10.1.5] 
09:57:54:416[INFO ] [||] Initializing Spring embedded WebApplicationContext 
09:57:54:416[INFO ] [||] Root WebApplicationContext: initialization completed in 1080 ms 
09:57:55:726[INFO ] [||] Starting ProtocolHandler ["http-nio-8099"] 
09:57:55:747[INFO ] [||] Tomcat started on port(s): 8099 (http) with context path '' 
09:57:55:758[INFO ] [||] Started MtyBackendApplication in 2.807 seconds (process running for 3.628) 
09:57:59:849[INFO ] [||] Initializing Spring DispatcherServlet 'dispatcherServlet' 
09:57:59:849[INFO ] [||] Initializing Servlet 'dispatcherServlet' 
09:57:59:850[INFO ] [||] Completed initialization in 1 ms 
09:58:02:682[INFO ] [||] Building query parameters: 
09:58:02:799[INFO ] [||] {dataSource-1} inited 
